<?xml version="1.0" encoding="utf-8"?><testsuites name="pytest tests"><testsuite name="pytest" errors="0" failures="0" skipped="0" tests="9" time="1.288" timestamp="2026-06-07T04:16:36.865457+00:00" hostname="agent-env-edfbcc36-7730-4c41-871f-7c39d0282c9c"><testcase classname="tests.test_iter24_header_location.TestLocationCluster" name="test_bhilai_in_service" time="0.160" /><testcase classname="tests.test_iter24_header_location.TestLocationCluster" name="test_bhilai_smriti_nagar_exact" time="0.103" /><testcase classname="tests.test_iter24_header_location.TestLocationCluster" name="test_delhi_out_of_service" time="0.180" /><testcase classname="tests.test_iter24_header_location.TestLocationCluster" name="test_lat_validation_422" time="0.109" /><testcase classname="tests.test_iter24_header_location.TestLocationCluster" name="test_lng_validation_422" time="0.109" /><testcase classname="tests.test_iter24_header_location.TestTestimonialsZeroState" name="test_public_returns_empty" time="0.114" /><testcase classname="tests.test_iter24_header_location.TestSearchTrendingTrack" name="test_trending_returns_at_least_one_item" time="0.095" /><testcase classname="tests.test_iter24_header_location.TestSearchTrendingTrack" name="test_track_inserts_row" time="0.232" /><testcase classname="tests.test_iter24_header_location.TestSearchTrendingTrack" name="test_track_empty_q_rejected" time="0.103" /></testsuite></testsuites>