<?xml version="1.0" encoding="utf-8"?><testsuites name="pytest tests"><testsuite name="pytest" errors="0" failures="0" skipped="0" tests="12" time="3.385" timestamp="2026-06-07T08:05:14.864109+00:00" hostname="agent-env-edfbcc36-7730-4c41-871f-7c39d0282c9c"><testcase classname="tests.test_iter25_cms.TestPublicHomepageConfig" name="test_returns_200_and_id" time="0.119" /><testcase classname="tests.test_iter25_cms.TestPublicHomepageConfig" name="test_eight_sections_sorted_by_rank" time="0.056" /><testcase classname="tests.test_iter25_cms.TestPublicHomepageConfig" name="test_hero_payload_shape" time="0.050" /><testcase classname="tests.test_iter25_cms.TestAdminCmsPersistence" name="test_admin_get" time="0.370" /><testcase classname="tests.test_iter25_cms.TestAdminCmsPersistence" name="test_put_hero_subtitle_persists" time="0.193" /><testcase classname="tests.test_iter25_cms.TestAdminCmsPersistence" name="test_put_section_toggle_persists" time="0.187" /><testcase classname="tests.test_iter25_cms.TestAdminCmsPersistence" name="test_put_reorder_persists" time="0.184" /><testcase classname="tests.test_iter25_cms.TestSeedIdempotency" name="test_seed_runs_twice_no_overwrite" time="1.365" /><testcase classname="tests.test_iter25_cms.TestCloudinaryCleanupDryRun" name="test_dry_run_lists_only_safe_prefixes" time="0.549" /><testcase classname="tests.test_iter25_cms.TestDbCleanupState" name="test_admin_stats_zero_data" time="0.056" /><testcase classname="tests.test_iter25_cms.TestDbCleanupState" name="test_products_collection_empty" time="0.058" /><testcase classname="tests.test_iter25_cms.TestDbCleanupState" name="test_stores_collection_empty" time="0.048" /></testsuite></testsuites>