<?xml version="1.0" encoding="utf-8"?><testsuites name="pytest tests"><testsuite name="pytest" errors="0" failures="0" skipped="0" tests="4" time="1.448" timestamp="2026-06-07T01:27:20.771823+00:00" hostname="agent-env-edfbcc36-7730-4c41-871f-7c39d0282c9c"><testcase classname="backend.tests.test_iter22_regression" name="test_product_detail_envelope_shape" time="0.294" /><testcase classname="backend.tests.test_iter22_regression" name="test_admin_invalid_complaint_returns_404" time="0.474" /><testcase classname="backend.tests.test_iter22_regression" name="test_recent_order_id_lokl_format" time="0.174" /><testcase classname="backend.tests.test_iter22_regression" name="test_demo_merchant_products_present" time="0.438" /></testsuite></testsuites>