<?xml version="1.0" encoding="utf-8"?><testsuites name="pytest tests"><testsuite name="pytest" errors="0" failures="0" skipped="0" tests="11" time="12.016" timestamp="2026-06-08T14:18:05.551126+00:00" hostname="agent-env-edfbcc36-7730-4c41-871f-7c39d0282c9c"><testcase classname="backend.tests.test_iter27.TestHeroToggles" name="test_default_hero_has_flags" time="0.371" /><testcase classname="backend.tests.test_iter27.TestHeroToggles" name="test_hero_paused_strips_to_just_paused" time="0.841" /><testcase classname="backend.tests.test_iter27.TestHeroToggles" name="test_hero_non_clickable_persists" time="0.641" /><testcase classname="backend.tests.test_iter27.TestHeroToggles" name="test_hero_restore" time="0.492" /><testcase classname="backend.tests.test_iter27.TestCategoryToggles" name="test_category_pause_hides_from_list" time="1.608" /><testcase classname="backend.tests.test_iter27.TestCategoryToggles" name="test_category_non_clickable_persists" time="0.884" /><testcase classname="backend.tests.test_iter27.TestCategoryToggles" name="test_subcategory_pause_hides_l2" time="0.960" /><testcase classname="backend.tests.test_iter27.TestOfferToggles" name="test_offer_pause_hides_from_list" time="1.118" /><testcase classname="backend.tests.test_iter27.TestOfferToggles" name="test_offer_non_clickable_persists" time="1.247" /><testcase classname="backend.tests.test_iter27.TestCustomerOtp" name="test_otp_request_and_verify" time="2.192" /><testcase classname="backend.tests.test_iter27.TestKycFlow" name="test_submit_then_approve" time="1.577" /></testsuite></testsuites>