<?xml version="1.0" encoding="utf-8"?><testsuites name="pytest tests"><testsuite name="pytest" errors="0" failures="1" skipped="0" tests="11" time="9.325" timestamp="2026-06-08T14:08:04.059466+00:00" hostname="agent-env-edfbcc36-7730-4c41-871f-7c39d0282c9c"><testcase classname="backend.tests.test_iter27.TestHeroToggles" name="test_default_hero_has_flags" time="0.237" /><testcase classname="backend.tests.test_iter27.TestHeroToggles" name="test_hero_paused_strips_to_just_paused" time="0.813" /><testcase classname="backend.tests.test_iter27.TestHeroToggles" name="test_hero_non_clickable_persists" time="0.356" /><testcase classname="backend.tests.test_iter27.TestHeroToggles" name="test_hero_restore" time="0.413" /><testcase classname="backend.tests.test_iter27.TestCategoryToggles" name="test_category_pause_hides_from_list" time="0.902" /><testcase classname="backend.tests.test_iter27.TestCategoryToggles" name="test_category_non_clickable_persists" time="0.767" /><testcase classname="backend.tests.test_iter27.TestCategoryToggles" name="test_subcategory_pause_hides_l2" time="0.747" /><testcase classname="backend.tests.test_iter27.TestOfferToggles" name="test_offer_pause_hides_from_list" time="0.994" /><testcase classname="backend.tests.test_iter27.TestOfferToggles" name="test_offer_non_clickable_persists" time="0.971" /><testcase classname="backend.tests.test_iter27.TestCustomerOtp" name="test_otp_request_and_verify" time="2.331" /><testcase classname="backend.tests.test_iter27.TestKycFlow" name="test_submit_then_approve" time="0.683"><failure message="AssertionError: {&quot;detail&quot;:[{&quot;type&quot;:&quot;missing&quot;,&quot;loc&quot;:[&quot;body&quot;,&quot;business_name&quot;],&quot;msg&quot;:&quot;Field required&quot;,&quot;input&quot;:{&quot;pan_number&quot;:&quot;ABCDE1234F&quot;,&quot;gst_number&quot;:&quot;&quot;},&quot;url&quot;:&quot;https://errors.pydantic.dev/2.13/v/missing&quot;},{&quot;type&quot;:&quot;missing&quot;,&quot;loc&quot;:[&quot;body&quot;,&quot;business_category&quot;],&quot;msg&quot;:&quot;Field required&quot;,&quot;input&quot;:{&quot;pan_number&quot;:&quot;ABCDE1234F&quot;,&quot;gst_number&quot;:&quot;&quot;},&quot;url&quot;:&quot;https://errors.pydantic.dev/2.13/v/missing&quot;},{&quot;type&quot;:&quot;missing&quot;,&quot;loc&quot;:[&quot;body&quot;,&quot;business_type&quot;],&quot;msg&quot;:&quot;Field required&quot;,&quot;input&quot;:{&quot;pan_number&quot;:&quot;ABCDE1234F&quot;,&quot;gst_number&quot;:&quot;&quot;},&quot;url&quot;:&quot;https://errors.pydantic.dev/2.13/v/missing&quot;},{&quot;type&quot;:&quot;missing&quot;,&quot;loc&quot;:[&quot;body&quot;,&quot;business_address&quot;],&quot;msg&quot;:&quot;Field required&quot;,&quot;input&quot;:{&quot;pan_number&quot;:&quot;ABCDE1234F&quot;,&quot;gst_number&quot;:&quot;&quot;},&quot;url&quot;:&quot;https://errors.pydantic.dev/2.13/v/missing&quot;},{&quot;type&quot;:&quot;missing&quot;,&quot;loc&quot;:[&quot;body&quot;,&quot;bank_account_number&quot;],&quot;msg&quot;:&quot;Field required&quot;,&quot;input&quot;:{&quot;pan_number&quot;:&quot;ABCDE1234F&quot;,&quot;gst_number&quot;:&quot;&quot;},&quot;url&quot;:&quot;https://errors.pydantic.dev/2.13/v/missing&quot;},{&quot;type&quot;:&quot;missing&quot;,&quot;loc&quot;:[&quot;body&quot;,&quot;bank_ifsc&quot;],&quot;msg&quot;:&quot;Field required&quot;,&quot;input&quot;:{&quot;pan_number&quot;:&quot;ABCDE1234F&quot;,&quot;gst_number&quot;:&quot;&quot;},&quot;url&quot;:&quot;https://errors.pydantic.dev/2.13/v/missing&quot;},{&quot;type&quot;:&quot;missing&quot;,&quot;loc&quot;:[&quot;body&quot;,&quot;account_holder_name&quot;],&quot;msg&quot;:&quot;Field required&quot;,&quot;input&quot;:{&quot;pan_number&quot;:&quot;ABCDE1234F&quot;,&quot;gst_number&quot;:&quot;&quot;},&quot;url&quot;:&quot;https://errors.pydantic.dev/2.13/v/missing&quot;}]}&#10;assert 422 == 200&#10; +  where 422 = &lt;Response [422]&gt;.status_code">backend/tests/test_iter27.py:241: in test_submit_then_approve
    assert sub.status_code == 200, sub.text
E   AssertionError: {"detail":[{"type":"missing","loc":["body","business_name"],"msg":"Field required","input":{"pan_number":"ABCDE1234F","gst_number":""},"url":"https://errors.pydantic.dev/2.13/v/missing"},{"type":"missing","loc":["body","business_category"],"msg":"Field required","input":{"pan_number":"ABCDE1234F","gst_number":""},"url":"https://errors.pydantic.dev/2.13/v/missing"},{"type":"missing","loc":["body","business_type"],"msg":"Field required","input":{"pan_number":"ABCDE1234F","gst_number":""},"url":"https://errors.pydantic.dev/2.13/v/missing"},{"type":"missing","loc":["body","business_address"],"msg":"Field required","input":{"pan_number":"ABCDE1234F","gst_number":""},"url":"https://errors.pydantic.dev/2.13/v/missing"},{"type":"missing","loc":["body","bank_account_number"],"msg":"Field required","input":{"pan_number":"ABCDE1234F","gst_number":""},"url":"https://errors.pydantic.dev/2.13/v/missing"},{"type":"missing","loc":["body","bank_ifsc"],"msg":"Field required","input":{"pan_number":"ABCDE1234F","gst_number":""},"url":"https://errors.pydantic.dev/2.13/v/missing"},{"type":"missing","loc":["body","account_holder_name"],"msg":"Field required","input":{"pan_number":"ABCDE1234F","gst_number":""},"url":"https://errors.pydantic.dev/2.13/v/missing"}]}
E   assert 422 == 200
E    +  where 422 = &lt;Response [422]&gt;.status_code</failure></testcase></testsuite></testsuites>