<?xml version="1.0" encoding="utf-8"?><testsuites name="pytest tests"><testsuite name="pytest" errors="0" failures="0" skipped="0" tests="10" time="6.079" timestamp="2026-06-08T19:07:11.958622+00:00" hostname="agent-env-edfbcc36-7730-4c41-871f-7c39d0282c9c"><testcase classname="backend.tests.test_iter29.TestItem1MerchantOtp" name="test_request_otp_registered_phone" time="1.165" /><testcase classname="backend.tests.test_iter29.TestItem1MerchantOtp" name="test_request_otp_unregistered_phone_404" time="0.253" /><testcase classname="backend.tests.test_iter29.TestItem1MerchantOtp" name="test_verify_otp_wrong_then_correct" time="1.506" /><testcase classname="backend.tests.test_iter29.TestItem1MerchantOtp" name="test_verify_too_many_wrong_attempts" time="2.334" /><testcase classname="backend.tests.test_iter29.TestItem4GenderFilter" name="test_products_filter_men_shirts" time="0.055" /><testcase classname="backend.tests.test_iter29.TestItem4GenderFilter" name="test_products_no_gender_returns_results" time="0.059" /><testcase classname="backend.tests.test_iter29.TestItem2Storefront" name="test_missing_area_returns_400" time="0.401" /><testcase classname="backend.tests.test_iter29.TestItem2Storefront" name="test_missing_pincode_returns_400" time="0.054" /><testcase classname="backend.tests.test_iter29.TestItem2Storefront" name="test_missing_latlng_returns_400" time="0.054" /><testcase classname="backend.tests.test_iter29.TestItem2Storefront" name="test_save_full_payload_persists_geojson" time="0.110" /></testsuite></testsuites>