<?xml version="1.0" encoding="utf-8"?><testsuites name="pytest tests"><testsuite name="pytest" errors="0" failures="0" skipped="0" tests="16" time="4.816" timestamp="2026-06-07T09:06:25.121197+00:00" hostname="agent-env-edfbcc36-7730-4c41-871f-7c39d0282c9c"><testcase classname="backend.tests.test_iter26_cms.TestRollback" name="test_hero_image_bhilai_landmark" time="0.162" /><testcase classname="backend.tests.test_iter26_cms.TestRollback" name="test_women_category_image" time="0.104" /><testcase classname="backend.tests.test_iter26_cms.TestRollback" name="test_summer_fashion_offer_image" time="0.137" /><testcase classname="backend.tests.test_iter26_cms.TestAdminReads" name="test_list_categories" time="0.504" /><testcase classname="backend.tests.test_iter26_cms.TestAdminReads" name="test_list_subcategories" time="0.113" /><testcase classname="backend.tests.test_iter26_cms.TestAdminReads" name="test_list_offers_admin" time="0.107" /><testcase classname="backend.tests.test_iter26_cms.TestAdminReads" name="test_search_destinations" time="0.123" /><testcase classname="backend.tests.test_iter26_cms.TestAdminWrites" name="test_put_category_redirect_persist_and_clear" time="0.300" /><testcase classname="backend.tests.test_iter26_cms.TestAdminWrites" name="test_put_subcategory" time="0.324" /><testcase classname="backend.tests.test_iter26_cms.TestAdminWrites" name="test_put_offer_all_fields" time="0.315" /><testcase classname="backend.tests.test_iter26_cms.TestCloudinaryUpload" name="test_upload_small_jpg" time="0.851" /><testcase classname="backend.tests.test_iter26_cms.TestCloudinaryUpload" name="test_upload_oversize_rejected" time="0.352" /><testcase classname="backend.tests.test_iter26_cms.TestAnalytics" name="test_post_click_hero" time="0.161" /><testcase classname="backend.tests.test_iter26_cms.TestAnalytics" name="test_post_click_rejected_bad_type" time="0.106" /><testcase classname="backend.tests.test_iter26_cms.TestAnalytics" name="test_top_clicks_hero" time="0.920" /><testcase classname="backend.tests.test_iter26_cms.TestAnalytics" name="test_top_clicks_invalid_asset_type" time="0.100" /></testsuite></testsuites>