<?xml version="1.0" encoding="utf-8"?><testsuites name="pytest tests"><testsuite name="pytest" errors="0" failures="0" skipped="0" tests="8" time="0.687" timestamp="2026-06-07T03:28:53.182005+00:00" hostname="agent-env-edfbcc36-7730-4c41-871f-7c39d0282c9c"><testcase classname="backend.tests.test_iter23_home_reorder" name="test_categories_counts_has_required_six" time="0.148" /><testcase classname="backend.tests.test_iter23_home_reorder" name="test_search_returns_products_and_stores" time="0.059" /><testcase classname="backend.tests.test_iter23_home_reorder" name="test_addresses_for_unknown_phone_returns_empty_list" time="0.057" /><testcase classname="backend.tests.test_iter23_home_reorder" name="test_testimonials_seed_present" time="0.059" /><testcase classname="backend.tests.test_iter23_home_reorder" name="test_product_rail_respects_limit[/api/products/popular]" time="0.055" /><testcase classname="backend.tests.test_iter23_home_reorder" name="test_product_rail_respects_limit[/api/products/selling-fast]" time="0.050" /><testcase classname="backend.tests.test_iter23_home_reorder" name="test_product_rail_respects_limit[/api/products/new-arrivals]" time="0.063" /><testcase classname="backend.tests.test_iter23_home_reorder" name="test_paused_streetwear_category_still_available" time="0.053" /></testsuite></testsuites>