<?xml version="1.0" encoding="utf-8"?><testsuites name="pytest tests"><testsuite name="pytest" errors="0" failures="0" skipped="1" tests="16" time="4.343" timestamp="2026-06-07T01:00:31.544848+00:00" hostname="agent-env-edfbcc36-7730-4c41-871f-7c39d0282c9c"><testcase classname="backend.tests.test_phase4_admin_gap.TestAdminAuth" name="test_admin_login" time="0.344" /><testcase classname="backend.tests.test_phase4_admin_gap.TestChangeRequests" name="test_list_pending" time="0.120" /><testcase classname="backend.tests.test_phase4_admin_gap.TestChangeRequests" name="test_list_all" time="0.107" /><testcase classname="backend.tests.test_phase4_admin_gap.TestChangeRequests" name="test_filter_approved" time="0.105" /><testcase classname="backend.tests.test_phase4_admin_gap.TestLiveUsers" name="test_live_users_shape" time="0.115" /><testcase classname="backend.tests.test_phase4_admin_gap.TestLiveUsers" name="test_stats_shape" time="0.108" /><testcase classname="backend.tests.test_phase4_admin_gap.TestReturns" name="test_list_returns" time="0.312" /><testcase classname="backend.tests.test_phase4_admin_gap.TestReturns" name="test_analytics" time="0.099" /><testcase classname="backend.tests.test_phase4_admin_gap.TestReturns" name="test_invalid_action" time="0.102" /><testcase classname="backend.tests.test_phase4_admin_gap.TestReturns" name="test_state_machine_progress" time="1.116" /><testcase classname="backend.tests.test_phase4_admin_gap.TestComplaints" name="test_list" time="0.100" /><testcase classname="backend.tests.test_phase4_admin_gap.TestComplaints" name="test_resolve_invalid" time="0.155" /><testcase classname="backend.tests.test_phase4_admin_gap.TestCustomers" name="test_list" time="0.183" /><testcase classname="backend.tests.test_phase4_admin_gap.TestCustomers" name="test_search" time="0.117" /><testcase classname="backend.tests.test_phase4_admin_gap.TestStoreDeleteOtpMocked" name="test_request_delete_otp_returns_demo" time="0.916" /><testcase classname="backend.tests.test_phase4_admin_gap.TestStoreDeleteOtpMocked" name="test_full_delete_cascade" time="0.281"><skipped type="pytest.skip" message="Disposable merchant m-b58e6ae89c has no storefront yet (not auto-published on KYC approve). Cascade-delete is implicitly covered by Iter5/admin flow tests.">/app/backend/tests/test_phase4_admin_gap.py:216: Disposable merchant m-b58e6ae89c has no storefront yet (not auto-published on KYC approve). Cascade-delete is implicitly covered by Iter5/admin flow tests.</skipped></testcase></testsuite></testsuites>