<?xml version="1.0" encoding="utf-8"?><testsuites name="pytest tests"><testsuite name="pytest" errors="0" failures="0" skipped="0" tests="12" time="14.971" timestamp="2026-05-30T23:40:39.510254+00:00" hostname="agent-env-edfbcc36-7730-4c41-871f-7c39d0282c9c"><testcase classname="backend.tests.test_multi_merchant_orders" name="test_multi_store_order_creates_per_merchant_state" time="2.977" /><testcase classname="backend.tests.test_multi_merchant_orders" name="test_accept_returns_only_my_otp" time="0.848" /><testcase classname="backend.tests.test_multi_merchant_orders" name="test_merchant_orders_endpoint_hides_other_merchants_otp" time="0.677" /><testcase classname="backend.tests.test_multi_merchant_orders" name="test_partial_accept_keeps_global_pending" time="0.711" /><testcase classname="backend.tests.test_multi_merchant_orders" name="test_all_accepted_flips_global" time="0.938" /><testcase classname="backend.tests.test_multi_merchant_orders" name="test_partial_hand_off_keeps_global_accepted" time="1.192" /><testcase classname="backend.tests.test_multi_merchant_orders" name="test_all_handed_flips_global_on_the_way" time="1.361" /><testcase classname="backend.tests.test_multi_merchant_orders" name="test_per_merchant_admin_delivery" time="1.707" /><testcase classname="backend.tests.test_multi_merchant_orders" name="test_merchant_orders_returns_own_subtotal_and_state" time="0.729" /><testcase classname="backend.tests.test_multi_merchant_orders" name="test_customer_order_returns_store_breakdown" time="0.665" /><testcase classname="backend.tests.test_multi_merchant_orders" name="test_per_merchant_slice_cancel" time="1.490" /><testcase classname="backend.tests.test_multi_merchant_orders" name="test_twilio_inbound_matches_per_merchant_otp" time="1.610" /></testsuite></testsuites>