<?xml version="1.0" encoding="utf-8"?><testsuites name="pytest tests"><testsuite name="pytest" errors="0" failures="0" skipped="0" tests="16" time="4.410" timestamp="2026-06-06T19:49:35.260336+00:00" hostname="agent-env-edfbcc36-7730-4c41-871f-7c39d0282c9c"><testcase classname="backend.tests.test_iter18_cloudinary_wiring.TestUploadEndpointContract" name="test_upload_requires_auth" time="0.141" /><testcase classname="backend.tests.test_iter18_cloudinary_wiring.TestUploadEndpointContract" name="test_upload_rejects_invalid_asset_type" time="0.337" /><testcase classname="backend.tests.test_iter18_cloudinary_wiring.TestUploadEndpointContract" name="test_upload_rejects_non_image" time="0.053" /><testcase classname="backend.tests.test_iter18_cloudinary_wiring.TestUploadEndpointContract" name="test_upload_returns_structured_502_on_cloudinary_failure" time="0.591" /><testcase classname="backend.tests.test_iter18_cloudinary_wiring.TestDeleteEndpointContract" name="test_delete_requires_auth" time="0.053" /><testcase classname="backend.tests.test_iter18_cloudinary_wiring.TestDeleteEndpointContract" name="test_delete_returns_ok_flag" time="0.154" /><testcase classname="backend.tests.test_iter18_cloudinary_wiring.TestAdminSignedUrl" name="test_requires_admin" time="0.055" /><testcase classname="backend.tests.test_iter18_cloudinary_wiring.TestAdminSignedUrl" name="test_invalid_doc_kind" time="0.333" /><testcase classname="backend.tests.test_iter18_cloudinary_wiring.TestAdminSignedUrl" name="test_missing_returns_404" time="0.055" /><testcase classname="backend.tests.test_iter18_cloudinary_wiring.TestProductCloudinaryPersistence" name="test_create_product_persists_cloudinary_fields" time="0.392" /><testcase classname="backend.tests.test_iter18_cloudinary_wiring.TestProductCloudinaryPersistence" name="test_update_product_image_returns_200" time="0.321" /><testcase classname="backend.tests.test_iter18_cloudinary_wiring.TestStorefrontPayload" name="test_storefront_persists_cloudinary_shape" time="1.560" /><testcase classname="backend.tests.test_iter18_cloudinary_wiring.TestKycPayload" name="test_kyc_accepts_public_id_fields" time="0.113" /><testcase classname="backend.tests.test_iter18_cloudinary_wiring.TestRegression" name="test_auth_me" time="0.052" /><testcase classname="backend.tests.test_iter18_cloudinary_wiring.TestRegression" name="test_merchant_products_list" time="0.052" /><testcase classname="backend.tests.test_iter18_cloudinary_wiring.TestRegression" name="test_public_products_by_store" time="0.058" /></testsuite></testsuites>