<?xml version="1.0" encoding="utf-8"?><testsuites name="pytest tests"><testsuite name="pytest" errors="0" failures="1" skipped="0" tests="20" time="17.211" timestamp="2026-05-16T06:44:19.463718+00:00" hostname="agent-env-3dedf1de-61a0-4c90-8f97-6108ebf46d63"><testcase classname="backend.tests.test_backend" name="test_root" time="0.251" /><testcase classname="backend.tests.test_backend" name="test_categories" time="0.051" /><testcase classname="backend.tests.test_backend" name="test_stores_list" time="0.049" /><testcase classname="backend.tests.test_backend" name="test_store_detail" time="0.096" /><testcase classname="backend.tests.test_backend" name="test_store_not_found" time="0.047" /><testcase classname="backend.tests.test_backend" name="test_products_list" time="0.048" /><testcase classname="backend.tests.test_backend" name="test_products_sort_price_asc" time="0.048" /><testcase classname="backend.tests.test_backend" name="test_product_detail" time="0.106" /><testcase classname="backend.tests.test_backend" name="test_product_not_found" time="0.050" /><testcase classname="backend.tests.test_backend" name="test_create_and_fetch_order" time="0.125" /><testcase classname="backend.tests.test_backend" name="test_order_not_found" time="0.049" /><testcase classname="backend.tests.test_backend" name="test_demo_login" time="0.273" /><testcase classname="backend.tests.test_backend" name="test_login_invalid" time="0.270" /><testcase classname="backend.tests.test_backend" name="test_register_and_me" time="0.456" /><testcase classname="backend.tests.test_backend" name="test_me_requires_auth" time="0.095" /><testcase classname="backend.tests.test_backend" name="test_merchant_dashboard" time="0.370" /><testcase classname="backend.tests.test_backend" name="test_merchant_products_list_and_create" time="0.354" /><testcase classname="backend.tests.test_backend" name="test_merchant_routes_unauth" time="0.153" /><testcase classname="backend.tests.test_backend" name="test_ai_copy" time="14.060" /><testcase classname="backend.tests.test_backend" name="test_ai_enhance_image" time="0.139"><failure message="AssertionError: Internal Server Error&#10;assert 500 == 200&#10; +  where 500 = &lt;Response [500]&gt;.status_code">backend/tests/test_backend.py:235: in test_ai_enhance_image
    assert r.status_code == 200, r.text
E   AssertionError: Internal Server Error
E   assert 500 == 200
E    +  where 500 = &lt;Response [500]&gt;.status_code</failure></testcase></testsuite></testsuites>