<?xml version="1.0" encoding="utf-8"?><testsuites name="pytest tests"><testsuite name="pytest" errors="0" failures="0" skipped="0" tests="8" time="50.157" timestamp="2026-05-27T21:00:46.257592+00:00" hostname="agent-env-edfbcc36-7730-4c41-871f-7c39d0282c9c"><testcase classname="backend.tests.test_phase3_ai_enhance" name="test_ai_enhance_requires_auth" time="0.290" /><testcase classname="backend.tests.test_phase3_ai_enhance" name="test_ai_enhance_empty_image_400" time="0.479" /><testcase classname="backend.tests.test_phase3_ai_enhance" name="test_ai_enhance_missing_field_400" time="0.138" /><testcase classname="backend.tests.test_phase3_ai_enhance" name="test_ai_enhance_returns_four_outputs" time="47.942" /><testcase classname="backend.tests.test_phase3_ai_enhance" name="test_list_products_strips_images_array" time="0.206" /><testcase classname="backend.tests.test_phase3_ai_enhance" name="test_list_stores_strips_banner_images" time="0.263" /><testcase classname="backend.tests.test_phase3_ai_enhance" name="test_store_detail_products_strip_images" time="0.359" /><testcase classname="backend.tests.test_phase3_ai_enhance" name="test_product_detail_includes_full_images_but_similar_strips" time="0.403" /></testsuite></testsuites>