<?xml version="1.0" encoding="utf-8"?><testsuites name="pytest tests"><testsuite name="pytest" errors="0" failures="0" skipped="0" tests="8" time="15.940" timestamp="2026-05-30T23:09:07.376142+00:00" hostname="agent-env-edfbcc36-7730-4c41-871f-7c39d0282c9c"><testcase classname="backend.tests.test_multi_merchant_orders" name="test_multi_store_order_creates_per_merchant_state" time="8.562" /><testcase classname="backend.tests.test_multi_merchant_orders" name="test_partial_accept_keeps_global_pending" time="0.656" /><testcase classname="backend.tests.test_multi_merchant_orders" name="test_all_accepted_flips_global" time="0.838" /><testcase classname="backend.tests.test_multi_merchant_orders" name="test_partial_hand_off_keeps_global_accepted" time="1.003" /><testcase classname="backend.tests.test_multi_merchant_orders" name="test_all_handed_flips_global_on_the_way" time="1.194" /><testcase classname="backend.tests.test_multi_merchant_orders" name="test_per_merchant_admin_delivery" time="2.087" /><testcase classname="backend.tests.test_multi_merchant_orders" name="test_merchant_orders_returns_own_subtotal_and_state" time="0.923" /><testcase classname="backend.tests.test_multi_merchant_orders" name="test_customer_order_returns_store_breakdown" time="0.616" /></testsuite></testsuites>