<?xml version="1.0" encoding="utf-8"?><testsuites name="pytest tests"><testsuite name="pytest" errors="0" failures="0" skipped="0" tests="25" time="5.029" timestamp="2026-05-16T09:42:06.226608+00:00" hostname="agent-env-3dedf1de-61a0-4c90-8f97-6108ebf46d63"><testcase classname="backend.tests.test_kyc_admin_flow" name="test_admin_login_success" time="0.249" /><testcase classname="backend.tests.test_kyc_admin_flow" name="test_admin_login_invalid" time="0.108" /><testcase classname="backend.tests.test_kyc_admin_flow" name="test_admin_endpoint_requires_token" time="0.115" /><testcase classname="backend.tests.test_kyc_admin_flow" name="test_register_sets_kyc_draft" time="0.468" /><testcase classname="backend.tests.test_kyc_admin_flow" name="test_kyc_submit" time="0.238" /><testcase classname="backend.tests.test_kyc_admin_flow" name="test_storefront_blocked_before_approval" time="0.105" /><testcase classname="backend.tests.test_kyc_admin_flow" name="test_product_blocked_before_approval" time="0.108" /><testcase classname="backend.tests.test_kyc_admin_flow" name="test_admin_list_submitted" time="0.232" /><testcase classname="backend.tests.test_kyc_admin_flow" name="test_admin_approve" time="0.208" /><testcase classname="backend.tests.test_kyc_admin_flow" name="test_notification_pushed_on_approve" time="0.101" /><testcase classname="backend.tests.test_kyc_admin_flow" name="test_storefront_create" time="0.105" /><testcase classname="backend.tests.test_kyc_admin_flow" name="test_store_hidden_before_publish" time="0.107" /><testcase classname="backend.tests.test_kyc_admin_flow" name="test_create_single_product" time="0.104" /><testcase classname="backend.tests.test_kyc_admin_flow" name="test_update_product" time="0.137" /><testcase classname="backend.tests.test_kyc_admin_flow" name="test_bulk_upload_csv" time="0.107" /><testcase classname="backend.tests.test_kyc_admin_flow" name="test_ai_tryon_response_shape" time="0.775" /><testcase classname="backend.tests.test_kyc_admin_flow" name="test_publish_succeeds" time="0.119" /><testcase classname="backend.tests.test_kyc_admin_flow" name="test_store_visible_after_publish" time="0.097" /><testcase classname="backend.tests.test_kyc_admin_flow" name="test_store_detail_after_publish" time="0.100" /><testcase classname="backend.tests.test_kyc_admin_flow" name="test_analytics_periods[yesterday]" time="0.114" /><testcase classname="backend.tests.test_kyc_admin_flow" name="test_analytics_periods[7d]" time="0.103" /><testcase classname="backend.tests.test_kyc_admin_flow" name="test_analytics_periods[30d]" time="0.100" /><testcase classname="backend.tests.test_kyc_admin_flow" name="test_analytics_periods[quarter]" time="0.104" /><testcase classname="backend.tests.test_kyc_admin_flow" name="test_analytics_csv_download" time="0.120" /><testcase classname="backend.tests.test_kyc_admin_flow" name="test_admin_reject_flow" time="0.796" /></testsuite></testsuites>