<?xml version="1.0" encoding="utf-8"?><testsuites name="pytest tests"><testsuite name="pytest" errors="0" failures="0" skipped="0" tests="15" time="2.659" timestamp="2026-05-16T11:42:06.845036+00:00" hostname="agent-env-3dedf1de-61a0-4c90-8f97-6108ebf46d63"><testcase classname="backend.tests.test_iter4_flow" name="test_admin_login_ok" time="0.341" /><testcase classname="backend.tests.test_iter4_flow" name="test_admin_login_bad_creds" time="0.077" /><testcase classname="backend.tests.test_iter4_flow" name="test_fresh_register_works" time="0.292" /><testcase classname="backend.tests.test_iter4_flow" name="test_login_after_register" time="0.293" /><testcase classname="backend.tests.test_iter4_flow" name="test_kyc_submit_then_admin_approve" time="0.273" /><testcase classname="backend.tests.test_iter4_flow" name="test_storefront_after_approval" time="0.069" /><testcase classname="backend.tests.test_iter4_flow" name="test_publish_requires_product" time="0.071" /><testcase classname="backend.tests.test_iter4_flow" name="test_create_product_with_data_url_image_and_stock_dict" time="0.139" /><testcase classname="backend.tests.test_iter4_flow" name="test_create_footwear_with_stock_dict" time="0.068" /><testcase classname="backend.tests.test_iter4_flow" name="test_publish_succeeds_after_product" time="0.071" /><testcase classname="backend.tests.test_iter4_flow" name="test_order_bhilai_lowercase_ok" time="0.133" /><testcase classname="backend.tests.test_iter4_flow" name="test_order_bhilai_titlecase_ok" time="0.141" /><testcase classname="backend.tests.test_iter4_flow" name="test_order_mumbai_rejected" time="0.137" /><testcase classname="backend.tests.test_iter4_flow" name="test_order_raipur_rejected" time="0.140" /><testcase classname="backend.tests.test_iter4_flow" name="test_order_empty_city_rejected" time="0.132" /></testsuite></testsuites>