<?xml version="1.0" encoding="utf-8"?><testsuites name="pytest tests"><testsuite name="pytest" errors="0" failures="0" skipped="0" tests="7" time="4.043" timestamp="2026-06-07T01:16:27.703004+00:00" hostname="agent-env-edfbcc36-7730-4c41-871f-7c39d0282c9c"><testcase classname="backend.tests.test_backlog_lokl_prefix.TestLoklOrderIdPrefix" name="test_place_order_returns_lokl_prefixed_id" time="2.448" /><testcase classname="backend.tests.test_backlog_lokl_prefix.TestLoklOrderIdPrefix" name="test_get_new_lokl_order_by_id" time="0.118" /><testcase classname="backend.tests.test_backlog_lokl_prefix.TestLoklOrderIdPrefix" name="test_legacy_bfo_orders_still_retrievable" time="0.729" /><testcase classname="backend.tests.test_backlog_lokl_prefix.TestComplaintResolve404" name="test_unknown_id_returns_404" time="0.125" /><testcase classname="backend.tests.test_backlog_lokl_prefix.TestComplaintResolve404" name="test_valid_id_still_resolves" time="0.223" /><testcase classname="backend.tests.test_backlog_lokl_prefix.TestCityConfig" name="test_bhilai_config_present" time="0.099" /><testcase classname="backend.tests.test_backlog_lokl_prefix.TestCityConfig" name="test_detect_endpoint_classifies_delhi_vs_bhilai" time="0.229" /></testsuite></testsuites>