<?xml version="1.0" encoding="utf-8"?><testsuites name="pytest tests"><testsuite name="pytest" errors="0" failures="0" skipped="0" tests="19" time="13.489" timestamp="2026-05-27T21:01:41.226707+00:00" hostname="agent-env-edfbcc36-7730-4c41-871f-7c39d0282c9c"><testcase classname="backend.tests.test_phase1_returns" name="test_order_items_snapshot_return_eligible" time="1.956" /><testcase classname="backend.tests.test_phase1_returns" name="test_cannot_return_non_delivered" time="0.398" /><testcase classname="backend.tests.test_phase1_returns" name="test_full_return_flow" time="2.097" /><testcase classname="backend.tests.test_phase1_returns" name="test_twilio_inbound_marks_return_picked_up" time="1.237" /><testcase classname="backend.tests.test_phase1_returns" name="test_complaint_create_and_admin_list" time="0.459" /><testcase classname="backend.tests.test_iter5_flow" name="test_admin_hold_requires_comment" time="0.772" /><testcase classname="backend.tests.test_iter5_flow" name="test_admin_hold_with_comment_succeeds" time="0.241" /><testcase classname="backend.tests.test_iter5_flow" name="test_kyc_status_exposes_hold_comment" time="0.100" /><testcase classname="backend.tests.test_iter5_flow" name="test_admin_merchants_filters" time="0.939" /><testcase classname="backend.tests.test_iter5_flow" name="test_merchant_resubmit_from_on_hold" time="0.232" /><testcase classname="backend.tests.test_iter5_flow" name="test_resubmit_rejected_when_not_on_hold" time="0.161" /><testcase classname="backend.tests.test_iter5_flow" name="test_kyc_resubmit_via_submit_clears_hold" time="0.331" /><testcase classname="backend.tests.test_iter5_flow" name="test_admin_stores_exposes_hold_and_b64" time="1.906" /><testcase classname="backend.tests.test_iter5_flow" name="test_create_product_with_multiple_images" time="1.172" /><testcase classname="backend.tests.test_iter5_flow" name="test_get_merchant_products_returns_images" time="0.114" /><testcase classname="backend.tests.test_iter5_flow" name="test_update_product_images_array" time="0.125" /><testcase classname="backend.tests.test_iter5_flow" name="test_twilio_inbound_gibberish_empty_twiml" time="0.778" /><testcase classname="backend.tests.test_iter5_flow" name="test_twilio_inbound_wrong_otp_empty_twiml" time="0.108" /><testcase classname="backend.tests.test_iter5_flow" name="test_twilio_inbound_correct_otp_delivers" time="0.294" /></testsuite></testsuites>