<?xml version="1.0" encoding="utf-8"?><testsuites name="pytest tests"><testsuite name="pytest" errors="0" failures="0" skipped="0" tests="31" time="18.852" timestamp="2026-05-28T18:18:49.999588+00:00" hostname="agent-env-edfbcc36-7730-4c41-871f-7c39d0282c9c"><testcase classname="backend.tests.test_phaseA_redirect" name="test_next_route_for_fresh_merchant_is_kyc" time="0.606" /><testcase classname="backend.tests.test_phaseA_redirect" name="test_next_route_after_approval_storefront_products_publish" time="1.611" /><testcase classname="backend.tests.test_phaseA_redirect" name="test_analytics_trend_is_gap_filled" time="0.454" /><testcase classname="backend.tests.test_phaseB_kyc_phone" name="test_register_without_phone_fails" time="0.142" /><testcase classname="backend.tests.test_phaseB_kyc_phone" name="test_register_short_phone_fails" time="0.108" /><testcase classname="backend.tests.test_phaseB_kyc_phone" name="test_duplicate_phone_fails" time="0.488" /><testcase classname="backend.tests.test_phaseB_kyc_phone" name="test_kyc_status_returns_docs_present_flags" time="0.595" /><testcase classname="backend.tests.test_phaseB_kyc_phone" name="test_kyc_resubmission_preserves_docs" time="0.675" /><testcase classname="backend.tests.test_phaseB_kyc_phone" name="test_online_toggle_requires_full_launch" time="0.491" /><testcase classname="backend.tests.test_phaseC_xlsx" name="test_template_xlsx_has_dropdowns_and_returnable" time="0.912" /><testcase classname="backend.tests.test_phaseC_xlsx" name="test_bulk_xlsx_round_trip" time="0.355" /><testcase classname="backend.tests.test_phaseC_xlsx" name="test_bulk_legacy_csv_still_works" time="0.125" /><testcase classname="backend.tests.test_phase1_returns" name="test_order_items_snapshot_return_eligible" time="1.701" /><testcase classname="backend.tests.test_phase1_returns" name="test_cannot_return_non_delivered" time="0.290" /><testcase classname="backend.tests.test_phase1_returns" name="test_full_return_flow" time="1.907" /><testcase classname="backend.tests.test_phase1_returns" name="test_twilio_inbound_marks_return_picked_up" time="1.295" /><testcase classname="backend.tests.test_phase1_returns" name="test_complaint_create_and_admin_list" time="0.484" /><testcase classname="backend.tests.test_iter5_flow" name="test_admin_hold_requires_comment" time="0.813" /><testcase classname="backend.tests.test_iter5_flow" name="test_admin_hold_with_comment_succeeds" time="0.215" /><testcase classname="backend.tests.test_iter5_flow" name="test_kyc_status_exposes_hold_comment" time="0.119" /><testcase classname="backend.tests.test_iter5_flow" name="test_admin_merchants_filters" time="0.774" /><testcase classname="backend.tests.test_iter5_flow" name="test_merchant_resubmit_from_on_hold" time="0.221" /><testcase classname="backend.tests.test_iter5_flow" name="test_resubmit_rejected_when_not_on_hold" time="0.123" /><testcase classname="backend.tests.test_iter5_flow" name="test_kyc_resubmit_via_submit_clears_hold" time="0.326" /><testcase classname="backend.tests.test_iter5_flow" name="test_admin_stores_exposes_hold_and_b64" time="1.170" /><testcase classname="backend.tests.test_iter5_flow" name="test_create_product_with_multiple_images" time="1.125" /><testcase classname="backend.tests.test_iter5_flow" name="test_get_merchant_products_returns_images" time="0.111" /><testcase classname="backend.tests.test_iter5_flow" name="test_update_product_images_array" time="0.161" /><testcase classname="backend.tests.test_iter5_flow" name="test_twilio_inbound_gibberish_empty_twiml" time="0.791" /><testcase classname="backend.tests.test_iter5_flow" name="test_twilio_inbound_wrong_otp_empty_twiml" time="0.103" /><testcase classname="backend.tests.test_iter5_flow" name="test_twilio_inbound_correct_otp_delivers" time="0.296" /></testsuite></testsuites>