<?xml version="1.0" encoding="utf-8"?><testsuites name="pytest tests"><testsuite name="pytest" errors="0" failures="0" skipped="0" tests="9" time="2.729" timestamp="2026-05-27T17:42:25.710359+00:00" hostname="agent-env-edfbcc36-7730-4c41-871f-7c39d0282c9c"><testcase classname="backend.tests.test_phase2_returns_dashboard" name="test_admin_returns_list" time="0.207" /><testcase classname="backend.tests.test_phase2_returns_dashboard" name="test_admin_returns_status_filter" time="0.113" /><testcase classname="backend.tests.test_phase2_returns_dashboard" name="test_admin_returns_analytics_shape" time="0.128" /><testcase classname="backend.tests.test_phase2_returns_dashboard" name="test_admin_complaints_list_and_filter" time="0.111" /><testcase classname="backend.tests.test_phase2_returns_dashboard" name="test_merchant_returns_phone_redacted" time="0.500" /><testcase classname="backend.tests.test_phase2_returns_dashboard" name="test_merchant_complaints_phone_redacted" time="0.126" /><testcase classname="backend.tests.test_phase2_returns_dashboard" name="test_merchant_returns_analytics" time="0.145" /><testcase classname="backend.tests.test_phase2_returns_dashboard" name="test_admin_state_machine_progression" time="1.102" /><testcase classname="backend.tests.test_phase2_returns_dashboard" name="test_admin_complaint_resolve" time="0.221" /></testsuite></testsuites>