<?xml version="1.0" encoding="utf-8"?><testsuites name="pytest tests"><testsuite name="pytest" errors="0" failures="0" skipped="0" tests="14" time="6.613" timestamp="2026-05-17T00:02:36.524107+00:00" hostname="agent-env-3dedf1de-61a0-4c90-8f97-6108ebf46d63"><testcase classname="backend.tests.test_iter5_flow" name="test_admin_hold_requires_comment" time="0.899" /><testcase classname="backend.tests.test_iter5_flow" name="test_admin_hold_with_comment_succeeds" time="0.239" /><testcase classname="backend.tests.test_iter5_flow" name="test_kyc_status_exposes_hold_comment" time="0.110" /><testcase classname="backend.tests.test_iter5_flow" name="test_admin_merchants_filters" time="0.636" /><testcase classname="backend.tests.test_iter5_flow" name="test_merchant_resubmit_from_on_hold" time="0.216" /><testcase classname="backend.tests.test_iter5_flow" name="test_resubmit_rejected_when_not_on_hold" time="0.103" /><testcase classname="backend.tests.test_iter5_flow" name="test_kyc_resubmit_via_submit_clears_hold" time="0.334" /><testcase classname="backend.tests.test_iter5_flow" name="test_admin_stores_exposes_hold_and_b64" time="1.541" /><testcase classname="backend.tests.test_iter5_flow" name="test_create_product_with_multiple_images" time="0.977" /><testcase classname="backend.tests.test_iter5_flow" name="test_get_merchant_products_returns_images" time="0.120" /><testcase classname="backend.tests.test_iter5_flow" name="test_update_product_images_array" time="0.100" /><testcase classname="backend.tests.test_iter5_flow" name="test_twilio_inbound_gibberish_empty_twiml" time="0.880" /><testcase classname="backend.tests.test_iter5_flow" name="test_twilio_inbound_wrong_otp_empty_twiml" time="0.109" /><testcase classname="backend.tests.test_iter5_flow" name="test_twilio_inbound_correct_otp_delivers" time="0.278" /></testsuite></testsuites>