<?xml version="1.0" encoding="utf-8"?><testsuites name="pytest tests"><testsuite name="pytest" errors="0" failures="0" skipped="0" tests="18" time="3.295" timestamp="2026-05-16T11:13:07.676451+00:00" hostname="agent-env-3dedf1de-61a0-4c90-8f97-6108ebf46d63"><testcase classname="backend.tests.test_iter3_flow" name="test_categories_shape" time="0.288" /><testcase classname="backend.tests.test_iter3_flow" name="test_product_l2_required_for_women" time="0.472" /><testcase classname="backend.tests.test_iter3_flow" name="test_product_gender_required_for_footwear" time="0.093" /><testcase classname="backend.tests.test_iter3_flow" name="test_product_create_valid_women" time="0.120" /><testcase classname="backend.tests.test_iter3_flow" name="test_product_create_valid_footwear_gender" time="0.095" /><testcase classname="backend.tests.test_iter3_flow" name="test_bulk_csv_skips_invalid_rows" time="0.094" /><testcase classname="backend.tests.test_iter3_flow" name="test_products_filter_by_l1_l2_gender" time="0.490" /><testcase classname="backend.tests.test_iter3_flow" name="test_change_request_create_and_list" time="0.114" /><testcase classname="backend.tests.test_iter3_flow" name="test_admin_change_request_approve" time="0.185" /><testcase classname="backend.tests.test_iter3_flow" name="test_admin_change_request_reject" time="0.133" /><testcase classname="backend.tests.test_iter3_flow" name="test_admin_list_change_requests_period" time="0.047" /><testcase classname="backend.tests.test_iter3_flow" name="test_admin_export_approvals_csv" time="0.055" /><testcase classname="backend.tests.test_iter3_flow" name="test_admin_stores_with_products" time="0.073" /><testcase classname="backend.tests.test_iter3_flow" name="test_admin_pause_unpause_product" time="0.205" /><testcase classname="backend.tests.test_iter3_flow" name="test_admin_store_pause_hides_from_public" time="0.185" /><testcase classname="backend.tests.test_iter3_flow" name="test_admin_delete_store_otp_wrong_then_correct" time="0.185" /><testcase classname="backend.tests.test_iter3_flow" name="test_merchant_orders_accept_reject" time="0.265" /><testcase classname="backend.tests.test_iter3_flow" name="test_customer_upsert_and_get" time="0.094" /></testsuite></testsuites>