<?xml version="1.0" encoding="utf-8"?><testsuites name="pytest tests"><testsuite name="pytest" errors="0" failures="0" skipped="0" tests="6" time="1.994" timestamp="2026-06-07T00:11:35.018405+00:00" hostname="agent-env-edfbcc36-7730-4c41-871f-7c39d0282c9c"><testcase classname="tests.test_iter19_online_toggle.TestStoreState" name="test_state_returns_full_payload" time="0.564" /><testcase classname="tests.test_iter19_online_toggle.TestStoreState" name="test_state_demo_merchant_can_toggle" time="0.130" /><testcase classname="tests.test_iter19_online_toggle.TestStoreState" name="test_state_requires_auth" time="0.103" /><testcase classname="tests.test_iter19_online_toggle.TestStoreOnlineToggle" name="test_toggle_off_then_on_persists" time="0.765" /><testcase classname="tests.test_iter19_online_toggle.TestStoreOnlineToggle" name="test_toggle_requires_auth" time="0.113" /><testcase classname="tests.test_iter19_online_toggle.TestStoreOnlineToggle" name="test_toggle_payload_defaults_to_false_when_missing" time="0.225" /></testsuite></testsuites>