<?xml version="1.0" encoding="utf-8"?><testsuites name="pytest tests"><testsuite name="pytest" errors="0" failures="0" skipped="0" tests="14" time="9.056" timestamp="2026-05-16T23:57:52.783693+00:00" hostname="agent-env-3dedf1de-61a0-4c90-8f97-6108ebf46d63"><testcase classname="backend.tests.test_iter5_flow" name="test_admin_hold_requires_comment" time="1.037" /><testcase classname="backend.tests.test_iter5_flow" name="test_admin_hold_with_comment_succeeds" time="0.237" /><testcase classname="backend.tests.test_iter5_flow" name="test_kyc_status_exposes_hold_comment" time="0.108" /><testcase classname="backend.tests.test_iter5_flow" name="test_admin_merchants_filters" time="0.639" /><testcase classname="backend.tests.test_iter5_flow" name="test_merchant_resubmit_from_on_hold" time="0.226" /><testcase classname="backend.tests.test_iter5_flow" name="test_resubmit_rejected_when_not_on_hold" time="0.141" /><testcase classname="backend.tests.test_iter5_flow" name="test_kyc_resubmit_via_submit_clears_hold" time="0.747" /><testcase classname="backend.tests.test_iter5_flow" name="test_admin_stores_exposes_hold_and_b64" time="1.625" /><testcase classname="backend.tests.test_iter5_flow" name="test_create_product_with_multiple_images" time="2.234" /><testcase classname="backend.tests.test_iter5_flow" name="test_get_merchant_products_returns_images" time="0.104" /><testcase classname="backend.tests.test_iter5_flow" name="test_update_product_images_array" time="0.114" /><testcase classname="backend.tests.test_iter5_flow" name="test_twilio_inbound_gibberish_empty_twiml" time="1.258" /><testcase classname="backend.tests.test_iter5_flow" name="test_twilio_inbound_wrong_otp_empty_twiml" time="0.112" /><testcase classname="backend.tests.test_iter5_flow" name="test_twilio_inbound_correct_otp_delivers" time="0.381" /></testsuite></testsuites>