<?xml version="1.0" encoding="utf-8"?><testsuites name="pytest tests"><testsuite name="pytest" errors="0" failures="0" skipped="0" tests="5" time="7.407" timestamp="2026-05-27T15:11:55.357862+00:00" hostname="agent-env-3dedf1de-61a0-4c90-8f97-6108ebf46d63"><testcase classname="tests.test_phase1_returns" name="test_order_items_snapshot_return_eligible" time="2.139" /><testcase classname="tests.test_phase1_returns" name="test_cannot_return_non_delivered" time="0.425" /><testcase classname="tests.test_phase1_returns" name="test_full_return_flow" time="2.691" /><testcase classname="tests.test_phase1_returns" name="test_twilio_inbound_marks_return_picked_up" time="1.564" /><testcase classname="tests.test_phase1_returns" name="test_complaint_create_and_admin_list" time="0.504" /></testsuite></testsuites>