<?xml version="1.0" encoding="utf-8"?><testsuites name="pytest tests"><testsuite name="pytest" errors="0" failures="0" skipped="0" tests="27" time="75.065" timestamp="2026-05-27T21:27:53.371329+00:00" hostname="agent-env-edfbcc36-7730-4c41-871f-7c39d0282c9c"><testcase classname="backend.tests.test_phase3_ai_enhance" name="test_ai_enhance_requires_auth" time="0.240" /><testcase classname="backend.tests.test_phase3_ai_enhance" name="test_ai_enhance_empty_image_400" time="0.482" /><testcase classname="backend.tests.test_phase3_ai_enhance" name="test_ai_enhance_missing_field_400" time="0.112" /><testcase classname="backend.tests.test_phase3_ai_enhance" name="test_ai_enhance_returns_four_outputs" time="59.242" /><testcase classname="backend.tests.test_phase3_ai_enhance" name="test_list_products_strips_images_array" time="0.254" /><testcase classname="backend.tests.test_phase3_ai_enhance" name="test_list_stores_strips_banner_images" time="0.265" /><testcase classname="backend.tests.test_phase3_ai_enhance" name="test_store_detail_products_strip_images" time="0.365" /><testcase classname="backend.tests.test_phase3_ai_enhance" name="test_product_detail_includes_full_images_but_similar_strips" time="0.376" /><testcase classname="backend.tests.test_phase1_returns" name="test_order_items_snapshot_return_eligible" time="1.758" /><testcase classname="backend.tests.test_phase1_returns" name="test_cannot_return_non_delivered" time="0.356" /><testcase classname="backend.tests.test_phase1_returns" name="test_full_return_flow" time="2.014" /><testcase classname="backend.tests.test_phase1_returns" name="test_twilio_inbound_marks_return_picked_up" time="1.208" /><testcase classname="backend.tests.test_phase1_returns" name="test_complaint_create_and_admin_list" time="0.455" /><testcase classname="backend.tests.test_iter5_flow" name="test_admin_hold_requires_comment" time="0.788" /><testcase classname="backend.tests.test_iter5_flow" name="test_admin_hold_with_comment_succeeds" time="0.250" /><testcase classname="backend.tests.test_iter5_flow" name="test_kyc_status_exposes_hold_comment" time="0.111" /><testcase classname="backend.tests.test_iter5_flow" name="test_admin_merchants_filters" time="0.957" /><testcase classname="backend.tests.test_iter5_flow" name="test_merchant_resubmit_from_on_hold" time="0.216" /><testcase classname="backend.tests.test_iter5_flow" name="test_resubmit_rejected_when_not_on_hold" time="0.103" /><testcase classname="backend.tests.test_iter5_flow" name="test_kyc_resubmit_via_submit_clears_hold" time="0.346" /><testcase classname="backend.tests.test_iter5_flow" name="test_admin_stores_exposes_hold_and_b64" time="2.390" /><testcase classname="backend.tests.test_iter5_flow" name="test_create_product_with_multiple_images" time="1.194" /><testcase classname="backend.tests.test_iter5_flow" name="test_get_merchant_products_returns_images" time="0.163" /><testcase classname="backend.tests.test_iter5_flow" name="test_update_product_images_array" time="0.126" /><testcase classname="backend.tests.test_iter5_flow" name="test_twilio_inbound_gibberish_empty_twiml" time="0.771" /><testcase classname="backend.tests.test_iter5_flow" name="test_twilio_inbound_wrong_otp_empty_twiml" time="0.101" /><testcase classname="backend.tests.test_iter5_flow" name="test_twilio_inbound_correct_otp_delivers" time="0.343" /></testsuite></testsuites>