<?xml version="1.0" encoding="utf-8"?><testsuites name="pytest tests"><testsuite name="pytest" errors="0" failures="0" skipped="0" tests="24" time="44.161" timestamp="2026-05-30T13:13:45.482583+00:00" hostname="agent-env-edfbcc36-7730-4c41-871f-7c39d0282c9c"><testcase classname="backend.tests.test_v2_homepage_feeds" name="test_stats_home_returns_real_numbers" time="0.199" /><testcase classname="backend.tests.test_v2_homepage_feeds" name="test_feed_endpoints_return_lists_with_badges" time="0.638" /><testcase classname="backend.tests.test_v2_homepage_feeds" name="test_offers_and_testimonials_published" time="0.201" /><testcase classname="backend.tests.test_v2_homepage_feeds" name="test_categories_counts" time="0.110" /><testcase classname="backend.tests.test_v2_homepage_feeds" name="test_search_trending_has_fallback" time="0.108" /><testcase classname="backend.tests.test_v2_homepage_feeds" name="test_track_view_idempotent" time="0.104" /><testcase classname="backend.tests.test_v2_homepage_feeds" name="test_search_track_records" time="0.100" /><testcase classname="backend.tests.test_phaseA_redirect" name="test_next_route_for_fresh_merchant_is_kyc" time="0.452" /><testcase classname="backend.tests.test_phaseA_redirect" name="test_next_route_after_approval_storefront_products_publish" time="1.556" /><testcase classname="backend.tests.test_phaseA_redirect" name="test_analytics_trend_is_gap_filled" time="0.424" /><testcase classname="backend.tests.test_phaseB_kyc_phone" name="test_register_without_phone_fails" time="0.101" /><testcase classname="backend.tests.test_phaseB_kyc_phone" name="test_register_short_phone_fails" time="0.096" /><testcase classname="backend.tests.test_phaseB_kyc_phone" name="test_duplicate_phone_fails" time="0.460" /><testcase classname="backend.tests.test_phaseB_kyc_phone" name="test_kyc_status_returns_docs_present_flags" time="0.552" /><testcase classname="backend.tests.test_phaseB_kyc_phone" name="test_kyc_resubmission_preserves_docs" time="0.691" /><testcase classname="backend.tests.test_phaseB_kyc_phone" name="test_online_toggle_requires_full_launch" time="0.423" /><testcase classname="backend.tests.test_phaseC_xlsx" name="test_template_xlsx_has_dropdowns_and_returnable" time="30.956" /><testcase classname="backend.tests.test_phaseC_xlsx" name="test_bulk_xlsx_round_trip" time="0.366" /><testcase classname="backend.tests.test_phaseC_xlsx" name="test_bulk_legacy_csv_still_works" time="0.112" /><testcase classname="backend.tests.test_phase1_returns" name="test_order_items_snapshot_return_eligible" time="1.780" /><testcase classname="backend.tests.test_phase1_returns" name="test_cannot_return_non_delivered" time="0.341" /><testcase classname="backend.tests.test_phase1_returns" name="test_full_return_flow" time="2.249" /><testcase classname="backend.tests.test_phase1_returns" name="test_twilio_inbound_marks_return_picked_up" time="1.407" /><testcase classname="backend.tests.test_phase1_returns" name="test_complaint_create_and_admin_list" time="0.460" /></testsuite></testsuites>