<?xml version="1.0" encoding="utf-8"?><testsuites name="pytest tests"><testsuite name="pytest" errors="0" failures="0" skipped="0" tests="5" time="6.509" timestamp="2026-05-27T17:40:55.829067+00:00" hostname="agent-env-edfbcc36-7730-4c41-871f-7c39d0282c9c"><testcase classname="backend.tests.test_phase1_returns" name="test_order_items_snapshot_return_eligible" time="1.966" /><testcase classname="backend.tests.test_phase1_returns" name="test_cannot_return_non_delivered" time="0.328" /><testcase classname="backend.tests.test_phase1_returns" name="test_full_return_flow" time="2.194" /><testcase classname="backend.tests.test_phase1_returns" name="test_twilio_inbound_marks_return_picked_up" time="1.431" /><testcase classname="backend.tests.test_phase1_returns" name="test_complaint_create_and_admin_list" time="0.510" /></testsuite></testsuites>