<?xml version="1.0" encoding="utf-8"?><testsuites name="pytest tests"><testsuite name="pytest" errors="0" failures="0" skipped="0" tests="25" time="15.072" timestamp="2026-05-27T15:37:01.862219+00:00" hostname="agent-env-3dedf1de-61a0-4c90-8f97-6108ebf46d63"><testcase classname="backend.tests.test_phase2_phase3" name="test_admin_returns_analytics_unauth" time="0.341" /><testcase classname="backend.tests.test_phase2_phase3" name="test_admin_returns_analytics_schema" time="0.247" /><testcase classname="backend.tests.test_phase2_phase3" name="test_merchant_returns_analytics_unauth" time="0.127" /><testcase classname="backend.tests.test_phase2_phase3" name="test_merchant_returns_analytics_zero_delivered" time="1.033" /><testcase classname="backend.tests.test_phase2_phase3" name="test_ai_enhance_unauth" time="0.131" /><testcase classname="backend.tests.test_phase2_phase3" name="test_ai_enhance_empty_image" time="0.116" /><testcase classname="backend.tests.test_phase1_returns" name="test_order_items_snapshot_return_eligible" time="1.963" /><testcase classname="backend.tests.test_phase1_returns" name="test_cannot_return_non_delivered" time="0.320" /><testcase classname="backend.tests.test_phase1_returns" name="test_full_return_flow" time="1.907" /><testcase classname="backend.tests.test_phase1_returns" name="test_twilio_inbound_marks_return_picked_up" time="1.218" /><testcase classname="backend.tests.test_phase1_returns" name="test_complaint_create_and_admin_list" time="0.430" /><testcase classname="backend.tests.test_iter5_flow" name="test_admin_hold_requires_comment" time="0.779" /><testcase classname="backend.tests.test_iter5_flow" name="test_admin_hold_with_comment_succeeds" time="0.238" /><testcase classname="backend.tests.test_iter5_flow" name="test_kyc_status_exposes_hold_comment" time="0.107" /><testcase classname="backend.tests.test_iter5_flow" name="test_admin_merchants_filters" time="0.927" /><testcase classname="backend.tests.test_iter5_flow" name="test_merchant_resubmit_from_on_hold" time="0.217" /><testcase classname="backend.tests.test_iter5_flow" name="test_resubmit_rejected_when_not_on_hold" time="0.155" /><testcase classname="backend.tests.test_iter5_flow" name="test_kyc_resubmit_via_submit_clears_hold" time="0.324" /><testcase classname="backend.tests.test_iter5_flow" name="test_admin_stores_exposes_hold_and_b64" time="1.763" /><testcase classname="backend.tests.test_iter5_flow" name="test_create_product_with_multiple_images" time="1.054" /><testcase classname="backend.tests.test_iter5_flow" name="test_get_merchant_products_returns_images" time="0.110" /><testcase classname="backend.tests.test_iter5_flow" name="test_update_product_images_array" time="0.108" /><testcase classname="backend.tests.test_iter5_flow" name="test_twilio_inbound_gibberish_empty_twiml" time="0.756" /><testcase classname="backend.tests.test_iter5_flow" name="test_twilio_inbound_wrong_otp_empty_twiml" time="0.309" /><testcase classname="backend.tests.test_iter5_flow" name="test_twilio_inbound_correct_otp_delivers" time="0.290" /></testsuite></testsuites>